<?xml version="1.0" encoding="UTF-8"?>
<!-- Generated by org.testng.reporters.JUnitReportReporter -->
<testsuite hostname="DESKTOP-NMCT7KP" failures="0" tests="2" name="seleniums.CBT" time="23.378" errors="0" timestamp="2024-07-30T13:48:27 IST" skipped="0">
  <testcase classname="seleniums.CBT" name="br" time="14.435"/>
  <testcase classname="seleniums.CBT" name="br" time="8.943"/>
</testsuite> <!-- seleniums.CBT -->
