<?xml version="1.0" encoding="UTF-8"?>
<!-- Generated by org.testng.reporters.JUnitReportReporter -->
<testsuite hostname="DESKTOP-NMCT7KP" failures="0" tests="2" name="seleniums.tn1" time="11.440" errors="0" timestamp="2024-07-30T03:02:50 IST" skipped="0">
  <testcase classname="seleniums.tn1" name="abc" time="7.448"/>
  <testcase classname="seleniums.tn1" name="abc" time="3.992"/>
</testsuite> <!-- seleniums.tn1 -->
