<?xml version="1.0" encoding="UTF-8"?>
<!-- Generated by org.testng.reporters.JUnitReportReporter -->
<testsuite hostname="DESKTOP-NMCT7KP" failures="0" tests="3" name="seleniums.dp" time="41.528" errors="0" timestamp="2024-07-30T10:31:33 IST" skipped="0">
  <testcase classname="seleniums.dp" name="sendData" time="14.320"/>
  <testcase classname="seleniums.dp" name="sendData" time="14.831"/>
  <testcase classname="seleniums.dp" name="sendData" time="12.377"/>
</testsuite> <!-- seleniums.dp -->
