<?xml version="1.0" encoding="UTF-8"?>
<!-- Generated by org.testng.reporters.JUnitReportReporter -->
<testsuite hostname="DESKTOP-NMCT7KP" failures="0" tests="1" name="seleniums.NewTest" time="0.022" errors="0" timestamp="2024-07-30T02:13:39 IST" skipped="0">
  <testcase classname="seleniums.NewTest" name="f" time="0.022"/>
</testsuite> <!-- seleniums.NewTest -->
