<?xml version="1.0" encoding="UTF-8"?>
<!-- Generated by org.testng.reporters.JUnitReportReporter -->
<testsuite hostname="DESKTOP-NMCT7KP" failures="0" tests="2" name="seleniums.parallel" time="18.305" errors="0" timestamp="2024-07-30T03:40:54 IST" skipped="0">
  <testcase classname="seleniums.parallel" name="url" time="9.072"/>
  <testcase classname="seleniums.parallel" name="title" time="9.233"/>
</testsuite> <!-- seleniums.parallel -->
