<?xml version="1.0" encoding="UTF-8"?>
<!-- Generated by org.testng.reporters.JUnitReportReporter -->
<testsuite hostname="DESKTOP-NMCT7KP" failures="0" tests="2" name="seleniums.paramtr" time="0.034" errors="0" timestamp="2024-07-30T11:47:32 IST" skipped="0">
  <testcase classname="seleniums.paramtr" name="para" time="0.031"/>
  <testcase classname="seleniums.paramtr" name="para1" time="0.003"/>
</testsuite> <!-- seleniums.paramtr -->
