<?xml version="1.0" encoding="UTF-8"?>
<!-- Generated by org.testng.reporters.JUnitReportReporter -->
<testsuite hostname="DESKTOP-NMCT7KP" failures="0" tests="2" name="seleniums.parallel2" time="9.421" errors="0" timestamp="2024-07-30T03:40:54 IST" skipped="0">
  <testcase classname="seleniums.parallel2" name="title" time="4.818"/>
  <testcase classname="seleniums.parallel2" name="url" time="4.603"/>
</testsuite> <!-- seleniums.parallel2 -->
