<?xml version="1.0" encoding="UTF-8"?>
<!-- Generated by org.testng.reporters.JUnitReportReporter -->
<testsuite hostname="DESKTOP-NMCT7KP" failures="0" tests="1" name="seleniums.imgValue" time="15.159" errors="0" timestamp="2024-07-30T15:11:46 IST" skipped="0">
  <testcase classname="seleniums.imgValue" name="abc" time="15.159"/>
</testsuite> <!-- seleniums.imgValue -->
