<?xml version="1.0" encoding="UTF-8"?>
<!-- Generated by org.testng.reporters.JUnitReportReporter -->
<testsuite hostname="DESKTOP-NMCT7KP" failures="0" tests="3" name="seleniums.invocationCounts" time="0.031" errors="0" timestamp="2024-07-30T13:32:22 IST" skipped="0">
  <testcase classname="seleniums.invocationCounts" name="hello" time="0.005"/>
  <testcase classname="seleniums.invocationCounts" name="hello" time="0.020"/>
  <testcase classname="seleniums.invocationCounts" name="hello" time="0.006"/>
</testsuite> <!-- seleniums.invocationCounts -->
