<?xml version="1.0" encoding="UTF-8"?>
<!-- Generated by org.testng.reporters.JUnitReportReporter -->
<testsuite hostname="DESKTOP-NMCT7KP" failures="0" tests="3" name="seleniums.datapro" time="22.639" errors="0" timestamp="2024-07-30T11:58:17 IST" skipped="0">
  <testcase classname="seleniums.datapro" name="passdata" time="8.362"/>
  <testcase classname="seleniums.datapro" name="passdata" time="6.571"/>
  <testcase classname="seleniums.datapro" name="passdata" time="7.706"/>
</testsuite> <!-- seleniums.datapro -->
